<?xml version="1.0" encoding="UTF-8"?>
<testng-results ignored="0" total="3" passed="3" failed="0" skipped="0">
  <reporter-output>
  </reporter-output>
  <suite started-at="2022-02-23T18:49:32 IST" name="Default suite" finished-at="2022-02-23T18:51:18 IST" duration-ms="106497">
    <groups>
    </groups>
    <test started-at="2022-02-23T18:49:32 IST" name="Default test" finished-at="2022-02-23T18:51:18 IST" duration-ms="106497">
      <class name="testng.com.TestNG">
        <test-method is-config="true" signature="login()[pri:0, instance:testng.com.TestNG@72057ecf]" started-at="2022-02-23T18:49:32 IST" name="login" finished-at="2022-02-23T18:49:49 IST" duration-ms="17652" status="PASS">
          <reporter-output>
          </reporter-output>
        </test-method> <!-- login -->
        <test-method signature="Inventory()[pri:0, instance:testng.com.TestNG@72057ecf]" started-at="2022-02-23T18:49:49 IST" name="Inventory" finished-at="2022-02-23T18:50:39 IST" duration-ms="49564" status="PASS">
          <reporter-output>
          </reporter-output>
        </test-method> <!-- Inventory -->
        <test-method signature="ApplicationIcon()[pri:1, instance:testng.com.TestNG@72057ecf]" started-at="2022-02-23T18:50:39 IST" name="ApplicationIcon" finished-at="2022-02-23T18:50:48 IST" duration-ms="9473" status="PASS">
          <reporter-output>
          </reporter-output>
        </test-method> <!-- ApplicationIcon -->
        <test-method signature="Manufacturing()[pri:2, instance:testng.com.TestNG@72057ecf]" started-at="2022-02-23T18:50:48 IST" name="Manufacturing" finished-at="2022-02-23T18:51:14 IST" duration-ms="25431" status="PASS">
          <reporter-output>
          </reporter-output>
        </test-method> <!-- Manufacturing -->
        <test-method is-config="true" signature="logout()[pri:0, instance:testng.com.TestNG@72057ecf]" started-at="2022-02-23T18:51:14 IST" name="logout" finished-at="2022-02-23T18:51:18 IST" duration-ms="4316" status="PASS">
          <reporter-output>
          </reporter-output>
        </test-method> <!-- logout -->
      </class> <!-- testng.com.TestNG -->
    </test> <!-- Default test -->
  </suite> <!-- Default suite -->
</testng-results>
