<?xml version="1.0" encoding="UTF-8"?>
<!-- Generated by org.testng.reporters.JUnitXMLReporter -->
<testsuite ignored="0" hostname="DESKTOP-JU8G3M8" failures="0" tests="3" name="Default test" time="106.497" errors="0" timestamp="2022-02-23T18:51:18 IST">
  <testcase classname="testng.com.TestNG" name="Inventory" time="49.564"/>
  <testcase classname="testng.com.TestNG" name="ApplicationIcon" time="9.473"/>
  <testcase classname="testng.com.TestNG" name="Manufacturing" time="25.431"/>
</testsuite> <!-- Default test -->
